[11 abr 2023 21:36:56] Building database metadata model
[11 abr 2023 21:36:56] Properties: {partialRefresh=true, processColumnsUsingSelect=, includePrimaryKeys=true, eventSocketClient=com.webratio.commons.net.EventSocketClient@3694f9de, includeTables=true, username=postgres, outputLogPath=D:\Apps\WebRatio\WebRatio Platform 7.2.18.x64bit\workspace\Geocaching\.Temp~\DB.xml.log, readIndexes=null, driverClass=org.postgresql.Driver, includeSynonyms=true, metaDataProviderClass=com.webratio.commons.db.metadata.PostgreSQLMetaDataProvider, outputPath=D:\Apps\WebRatio\WebRatio Platform 7.2.18.x64bit\workspace\Geocaching\.Temp~\DB.xml, schemaRegex=null, readProcedures=null, includeViews=true, derby.system.home=D:\Apps\WebRatio\WebRatio Platform 7.2.18.x64bit\workspace\.metadata\.plugins\com.webratio.commons.db\derby, url=jdbc:postgresql://localhost:5432/Geocaching, tableRegex=null, readSQLDefinitions=true, includeForeignKeys=false, retrieveAllNames=false, tablesToRefresh=public.user|public.group, eventSocketPort=49634}
[11 abr 2023 21:36:56] URL: jdbc:postgresql://localhost:5432/Geocaching
[11 abr 2023 21:36:56] Product name: PostgreSQL
[11 abr 2023 21:36:56] Product version: 9.5.25
[11 abr 2023 21:36:56] Driver name: PostgreSQL Native Driver
[11 abr 2023 21:36:56] Driver version: PostgreSQL 9.1 JDBC3g (build 903)
[11 abr 2023 21:36:56] Driver major version: 9
[11 abr 2023 21:36:56] Driver minor version: 1
[11 abr 2023 21:36:56] Identifier quote string: 1
[11 abr 2023 21:36:56] Retrieving schemas
[11 abr 2023 21:36:56]   Found schema: information_schema
[11 abr 2023 21:36:56]   Found schema: pg_catalog
[11 abr 2023 21:36:56]   Found schema: public
[11 abr 2023 21:36:56] Retrieving sequences
[11 abr 2023 21:36:56] Retrieving [TABLE, VIEW, SYNONYM] for schema 'information_schema'
[11 abr 2023 21:36:56] Retrieving [TABLE, VIEW, SYNONYM] for schema 'pg_catalog'
[11 abr 2023 21:36:56] Retrieving [TABLE, VIEW, SYNONYM] for schema 'public'
[11 abr 2023 21:36:56]   Found 'public.group' [type = TABLE]
[11 abr 2023 21:36:56]   Found 'public.user' [type = TABLE]
[11 abr 2023 21:36:56] Retrieving columns for 'public.group' [type = TABLE]
[11 abr 2023 21:36:56]   Found column: oid [type = int4][SQL/XOPEN type = 4][size = 10][dec. digits = 0]
[11 abr 2023 21:36:56]   Found column: groupname [type = varchar][SQL/XOPEN type = 12][size = 255][dec. digits = 0]
[11 abr 2023 21:36:56]   Found column: module_oid [type = int4][SQL/XOPEN type = 4][size = 10][dec. digits = 0]
[11 abr 2023 21:36:56] Retrieving primary keys for 'public.group' [type = TABLE]
[11 abr 2023 21:36:56]   Found primary key column: oid
[11 abr 2023 21:36:56] Retrieving columns for 'public.user' [type = TABLE]
[11 abr 2023 21:36:56]   Found column: oid [type = int4][SQL/XOPEN type = 4][size = 10][dec. digits = 0]
[11 abr 2023 21:36:56]   Found column: username [type = varchar][SQL/XOPEN type = 12][size = 255][dec. digits = 0]
[11 abr 2023 21:36:56]   Found column: password [type = varchar][SQL/XOPEN type = 12][size = 255][dec. digits = 0]
[11 abr 2023 21:36:56]   Found column: email [type = varchar][SQL/XOPEN type = 12][size = 255][dec. digits = 0]
[11 abr 2023 21:36:56]   Found column: group_oid [type = int4][SQL/XOPEN type = 4][size = 10][dec. digits = 0]
[11 abr 2023 21:36:56]   Found column: user_oid [type = int4][SQL/XOPEN type = 4][size = 10][dec. digits = 0]
[11 abr 2023 21:36:56]   Found column: fecha_alta [type = timestamp][SQL/XOPEN type = 93][size = 29][dec. digits = 6]
[11 abr 2023 21:36:56] Retrieving primary keys for 'public.user' [type = TABLE]
[11 abr 2023 21:36:56]   Found primary key column: oid
[11 abr 2023 21:36:56] Database metadata retrieved (48 ms)
[11 abr 2023 21:36:56] Database connection closed
